<?xml version="1.0" encoding="UTF-8"?>
<coverage generated="1641772080366" clover="3.2.0">
  <project timestamp="1641772080366" name="All files">
    <metrics statements="38" coveredstatements="38" conditionals="39" coveredconditionals="39" methods="1" coveredmethods="1" elements="78" coveredelements="78" complexity="0" loc="38" ncloc="38" packages="1" files="1" classes="1"/>
    <file name="Stars.js" path="D:\DevEducation\HOMEWORK\02 - Stars\src\Stars.js">
      <metrics statements="38" coveredstatements="38" conditionals="39" coveredconditionals="39" methods="1" coveredmethods="1"/>
      <line num="1" count="1" type="stmt"/>
      <line num="2" count="1" type="stmt"/>
      <line num="3" count="1" type="stmt"/>
      <line num="4" count="1" type="stmt"/>
      <line num="5" count="1" type="stmt"/>
      <line num="6" count="1" type="stmt"/>
      <line num="7" count="1" type="stmt"/>
      <line num="8" count="1" type="stmt"/>
      <line num="9" count="9" type="cond" truecount="1" falsecount="0"/>
      <line num="10" count="9" type="stmt"/>
      <line num="11" count="9" type="stmt"/>
      <line num="12" count="9" type="stmt"/>
      <line num="13" count="9" type="stmt"/>
      <line num="14" count="9" type="stmt"/>
      <line num="15" count="9" type="cond" truecount="1" falsecount="0"/>
      <line num="16" count="63" type="stmt"/>
      <line num="17" count="63" type="cond" truecount="1" falsecount="0"/>
      <line num="18" count="441" type="cond" truecount="10" falsecount="0"/>
      <line num="19" count="259" type="cond" truecount="4" falsecount="0"/>
      <line num="20" count="259" type="cond" truecount="3" falsecount="0"/>
      <line num="21" count="259" type="cond" truecount="3" falsecount="0"/>
      <line num="22" count="259" type="cond" truecount="3" falsecount="0"/>
      <line num="23" count="259" type="cond" truecount="3" falsecount="0"/>
      <line num="24" count="259" type="cond" truecount="2" falsecount="0"/>
      <line num="25" count="259" type="cond" truecount="4" falsecount="0"/>
      <line num="26" count="259" type="cond" truecount="4" falsecount="0"/>
      <line num="27" count="259" type="stmt"/>
      <line num="28" count="441" type="stmt"/>
      <line num="29" count="441" type="stmt"/>
      <line num="30" count="63" type="stmt"/>
      <line num="31" count="63" type="stmt"/>
      <line num="32" count="63" type="stmt"/>
      <line num="33" count="63" type="stmt"/>
      <line num="34" count="63" type="stmt"/>
      <line num="35" count="9" type="stmt"/>
      <line num="36" count="9" type="stmt"/>
      <line num="37" count="1" type="stmt"/>
      <line num="38" count="1" type="stmt"/>
    </file>
  </project>
</coverage>
