{"D:\\DevEducation\\HOMEWORK\\02 - Stars\\src\\Stars.js": {"path":"D:\\DevEducation\\HOMEWORK\\02 - Stars\\src\\Stars.js","all":false,"statementMap":{"0":{"start":{"line":1,"column":0},"end":{"line":1,"column":16}},"1":{"start":{"line":2,"column":0},"end":{"line":2,"column":2}},"2":{"start":{"line":3,"column":0},"end":{"line":3,"column":69}},"3":{"start":{"line":4,"column":0},"end":{"line":4,"column":124}},"4":{"start":{"line":5,"column":0},"end":{"line":5,"column":15}},"5":{"start":{"line":6,"column":0},"end":{"line":6,"column":44}},"6":{"start":{"line":7,"column":0},"end":{"line":7,"column":30}},"7":{"start":{"line":8,"column":0},"end":{"line":8,"column":4}},"8":{"start":{"line":9,"column":0},"end":{"line":9,"column":149}},"9":{"start":{"line":10,"column":0},"end":{"line":10,"column":62}},"10":{"start":{"line":11,"column":0},"end":{"line":11,"column":73}},"11":{"start":{"line":12,"column":0},"end":{"line":12,"column":24}},"12":{"start":{"line":13,"column":0},"end":{"line":13,"column":18}},"13":{"start":{"line":14,"column":0},"end":{"line":14,"column":55}},"14":{"start":{"line":15,"column":0},"end":{"line":15,"column":49}},"15":{"start":{"line":16,"column":0},"end":{"line":16,"column":59}},"16":{"start":{"line":17,"column":0},"end":{"line":17,"column":68}},"17":{"start":{"line":18,"column":0},"end":{"line":18,"column":30}},"18":{"start":{"line":19,"column":0},"end":{"line":19,"column":76}},"19":{"start":{"line":20,"column":0},"end":{"line":20,"column":64}},"20":{"start":{"line":21,"column":0},"end":{"line":21,"column":64}},"21":{"start":{"line":22,"column":0},"end":{"line":22,"column":74}},"22":{"start":{"line":23,"column":0},"end":{"line":23,"column":64}},"23":{"start":{"line":24,"column":0},"end":{"line":24,"column":57}},"24":{"start":{"line":25,"column":0},"end":{"line":25,"column":83}},"25":{"start":{"line":26,"column":0},"end":{"line":26,"column":91}},"26":{"start":{"line":27,"column":0},"end":{"line":27,"column":138}},"27":{"start":{"line":28,"column":0},"end":{"line":28,"column":94}},"28":{"start":{"line":29,"column":0},"end":{"line":29,"column":9}},"29":{"start":{"line":30,"column":0},"end":{"line":30,"column":23}},"30":{"start":{"line":31,"column":0},"end":{"line":31,"column":18}},"31":{"start":{"line":32,"column":0},"end":{"line":32,"column":17}},"32":{"start":{"line":33,"column":0},"end":{"line":33,"column":25}},"33":{"start":{"line":34,"column":0},"end":{"line":34,"column":5}},"34":{"start":{"line":35,"column":0},"end":{"line":35,"column":16}},"35":{"start":{"line":36,"column":0},"end":{"line":36,"column":1}},"36":{"start":{"line":37,"column":0},"end":{"line":37,"column":37}},"37":{"start":{"line":38,"column":0},"end":{"line":38,"column":103}}},"s":{"0":1,"1":1,"2":1,"3":1,"4":1,"5":1,"6":1,"7":1,"8":9,"9":9,"10":9,"11":9,"12":9,"13":9,"14":9,"15":63,"16":63,"17":441,"18":259,"19":259,"20":259,"21":259,"22":259,"23":259,"24":259,"25":259,"26":259,"27":441,"28":441,"29":63,"30":63,"31":63,"32":63,"33":63,"34":9,"35":9,"36":1,"37":1},"branchMap":{"0":{"type":"branch","line":9,"loc":{"start":{"line":9,"column":0},"end":{"line":36,"column":1}},"locations":[{"start":{"line":9,"column":0},"end":{"line":36,"column":1}}]},"1":{"type":"branch","line":15,"loc":{"start":{"line":15,"column":35},"end":{"line":34,"column":5}},"locations":[{"start":{"line":15,"column":35},"end":{"line":34,"column":5}}]},"2":{"type":"branch","line":17,"loc":{"start":{"line":17,"column":39},"end":{"line":29,"column":9}},"locations":[{"start":{"line":17,"column":39},"end":{"line":29,"column":9}}]},"3":{"type":"branch","line":18,"loc":{"start":{"line":18,"column":18},"end":{"line":19,"column":17}},"locations":[{"start":{"line":18,"column":18},"end":{"line":19,"column":17}}]},"4":{"type":"branch","line":19,"loc":{"start":{"line":19,"column":16},"end":{"line":19,"column":17}},"locations":[{"start":{"line":19,"column":16},"end":{"line":19,"column":17}}]},"5":{"type":"branch","line":19,"loc":{"start":{"line":19,"column":30},"end":{"line":19,"column":53}},"locations":[{"start":{"line":19,"column":30},"end":{"line":19,"column":53}}]},"6":{"type":"branch","line":19,"loc":{"start":{"line":19,"column":30},"end":{"line":19,"column":62}},"locations":[{"start":{"line":19,"column":30},"end":{"line":19,"column":62}}]},"7":{"type":"branch","line":19,"loc":{"start":{"line":19,"column":30},"end":{"line":19,"column":76}},"locations":[{"start":{"line":19,"column":30},"end":{"line":19,"column":76}}]},"8":{"type":"branch","line":18,"loc":{"start":{"line":18,"column":18},"end":{"line":20,"column":17}},"locations":[{"start":{"line":18,"column":18},"end":{"line":20,"column":17}}]},"9":{"type":"branch","line":20,"loc":{"start":{"line":20,"column":16},"end":{"line":20,"column":17}},"locations":[{"start":{"line":20,"column":16},"end":{"line":20,"column":17}}]},"10":{"type":"branch","line":20,"loc":{"start":{"line":20,"column":30},"end":{"line":20,"column":48}},"locations":[{"start":{"line":20,"column":30},"end":{"line":20,"column":48}}]},"11":{"type":"branch","line":20,"loc":{"start":{"line":20,"column":30},"end":{"line":20,"column":64}},"locations":[{"start":{"line":20,"column":30},"end":{"line":20,"column":64}}]},"12":{"type":"branch","line":18,"loc":{"start":{"line":18,"column":18},"end":{"line":21,"column":17}},"locations":[{"start":{"line":18,"column":18},"end":{"line":21,"column":17}}]},"13":{"type":"branch","line":21,"loc":{"start":{"line":21,"column":16},"end":{"line":21,"column":17}},"locations":[{"start":{"line":21,"column":16},"end":{"line":21,"column":17}}]},"14":{"type":"branch","line":21,"loc":{"start":{"line":21,"column":30},"end":{"line":21,"column":53}},"locations":[{"start":{"line":21,"column":30},"end":{"line":21,"column":53}}]},"15":{"type":"branch","line":21,"loc":{"start":{"line":21,"column":30},"end":{"line":21,"column":64}},"locations":[{"start":{"line":21,"column":30},"end":{"line":21,"column":64}}]},"16":{"type":"branch","line":18,"loc":{"start":{"line":18,"column":18},"end":{"line":22,"column":17}},"locations":[{"start":{"line":18,"column":18},"end":{"line":22,"column":17}}]},"17":{"type":"branch","line":22,"loc":{"start":{"line":22,"column":16},"end":{"line":22,"column":17}},"locations":[{"start":{"line":22,"column":16},"end":{"line":22,"column":17}}]},"18":{"type":"branch","line":22,"loc":{"start":{"line":22,"column":30},"end":{"line":22,"column":58}},"locations":[{"start":{"line":22,"column":30},"end":{"line":22,"column":58}}]},"19":{"type":"branch","line":22,"loc":{"start":{"line":22,"column":30},"end":{"line":22,"column":74}},"locations":[{"start":{"line":22,"column":30},"end":{"line":22,"column":74}}]},"20":{"type":"branch","line":18,"loc":{"start":{"line":18,"column":18},"end":{"line":23,"column":17}},"locations":[{"start":{"line":18,"column":18},"end":{"line":23,"column":17}}]},"21":{"type":"branch","line":23,"loc":{"start":{"line":23,"column":16},"end":{"line":23,"column":17}},"locations":[{"start":{"line":23,"column":16},"end":{"line":23,"column":17}}]},"22":{"type":"branch","line":23,"loc":{"start":{"line":23,"column":30},"end":{"line":23,"column":53}},"locations":[{"start":{"line":23,"column":30},"end":{"line":23,"column":53}}]},"23":{"type":"branch","line":23,"loc":{"start":{"line":23,"column":30},"end":{"line":23,"column":64}},"locations":[{"start":{"line":23,"column":30},"end":{"line":23,"column":64}}]},"24":{"type":"branch","line":18,"loc":{"start":{"line":18,"column":18},"end":{"line":24,"column":17}},"locations":[{"start":{"line":18,"column":18},"end":{"line":24,"column":17}}]},"25":{"type":"branch","line":24,"loc":{"start":{"line":24,"column":16},"end":{"line":24,"column":17}},"locations":[{"start":{"line":24,"column":16},"end":{"line":24,"column":17}}]},"26":{"type":"branch","line":24,"loc":{"start":{"line":24,"column":30},"end":{"line":24,"column":57}},"locations":[{"start":{"line":24,"column":30},"end":{"line":24,"column":57}}]},"27":{"type":"branch","line":18,"loc":{"start":{"line":18,"column":18},"end":{"line":25,"column":17}},"locations":[{"start":{"line":18,"column":18},"end":{"line":25,"column":17}}]},"28":{"type":"branch","line":25,"loc":{"start":{"line":25,"column":16},"end":{"line":25,"column":17}},"locations":[{"start":{"line":25,"column":16},"end":{"line":25,"column":17}}]},"29":{"type":"branch","line":25,"loc":{"start":{"line":25,"column":30},"end":{"line":25,"column":83}},"locations":[{"start":{"line":25,"column":30},"end":{"line":25,"column":83}}]},"30":{"type":"branch","line":25,"loc":{"start":{"line":25,"column":41},"end":{"line":25,"column":69}},"locations":[{"start":{"line":25,"column":41},"end":{"line":25,"column":69}}]},"31":{"type":"branch","line":25,"loc":{"start":{"line":25,"column":40},"end":{"line":25,"column":83}},"locations":[{"start":{"line":25,"column":40},"end":{"line":25,"column":83}}]},"32":{"type":"branch","line":18,"loc":{"start":{"line":18,"column":18},"end":{"line":26,"column":17}},"locations":[{"start":{"line":18,"column":18},"end":{"line":26,"column":17}}]},"33":{"type":"branch","line":26,"loc":{"start":{"line":26,"column":16},"end":{"line":26,"column":17}},"locations":[{"start":{"line":26,"column":16},"end":{"line":26,"column":17}}]},"34":{"type":"branch","line":26,"loc":{"start":{"line":26,"column":30},"end":{"line":26,"column":91}},"locations":[{"start":{"line":26,"column":30},"end":{"line":26,"column":91}}]},"35":{"type":"branch","line":26,"loc":{"start":{"line":26,"column":46},"end":{"line":26,"column":74}},"locations":[{"start":{"line":26,"column":46},"end":{"line":26,"column":74}}]},"36":{"type":"branch","line":26,"loc":{"start":{"line":26,"column":45},"end":{"line":26,"column":91}},"locations":[{"start":{"line":26,"column":45},"end":{"line":26,"column":91}}]},"37":{"type":"branch","line":18,"loc":{"start":{"line":18,"column":18},"end":{"line":27,"column":29}},"locations":[{"start":{"line":18,"column":18},"end":{"line":27,"column":29}}]},"38":{"type":"branch","line":18,"loc":{"start":{"line":18,"column":18},"end":{"line":28,"column":29}},"locations":[{"start":{"line":18,"column":18},"end":{"line":28,"column":29}}]}},"b":{"0":[9],"1":[63],"2":[441],"3":[392],"4":[49],"5":[42],"6":[35],"7":[30],"8":[368],"9":[49],"10":[42],"11":[36],"12":[350],"13":[49],"14":[42],"15":[36],"16":[332],"17":[49],"18":[42],"19":[36],"20":[314],"21":[49],"22":[42],"23":[36],"24":[296],"25":[49],"26":[42],"27":[283],"28":[49],"29":[42],"30":[36],"31":[11],"32":[271],"33":[49],"34":[42],"35":[36],"36":[11],"37":[182],"38":[259]},"fnMap":{"0":{"name":"makeFigureOfStars","decl":{"start":{"line":9,"column":0},"end":{"line":36,"column":1}},"loc":{"start":{"line":9,"column":0},"end":{"line":36,"column":1}},"line":9}},"f":{"0":9}}
}
