TN:
SF:src\Stars.js
FN:9,makeFigureOfStars
FNF:1
FNH:1
FNDA:9,makeFigureOfStars
DA:1,1
DA:2,1
DA:3,1
DA:4,1
DA:5,1
DA:6,1
DA:7,1
DA:8,1
DA:9,9
DA:10,9
DA:11,9
DA:12,9
DA:13,9
DA:14,9
DA:15,9
DA:16,63
DA:17,63
DA:18,441
DA:19,259
DA:20,259
DA:21,259
DA:22,259
DA:23,259
DA:24,259
DA:25,259
DA:26,259
DA:27,259
DA:28,441
DA:29,441
DA:30,63
DA:31,63
DA:32,63
DA:33,63
DA:34,63
DA:35,9
DA:36,9
DA:37,1
DA:38,1
LF:38
LH:38
BRDA:9,0,0,9
BRDA:15,1,0,63
BRDA:17,2,0,441
BRDA:18,3,0,392
BRDA:19,4,0,49
BRDA:19,5,0,42
BRDA:19,6,0,35
BRDA:19,7,0,30
BRDA:18,8,0,368
BRDA:20,9,0,49
BRDA:20,10,0,42
BRDA:20,11,0,36
BRDA:18,12,0,350
BRDA:21,13,0,49
BRDA:21,14,0,42
BRDA:21,15,0,36
BRDA:18,16,0,332
BRDA:22,17,0,49
BRDA:22,18,0,42
BRDA:22,19,0,36
BRDA:18,20,0,314
BRDA:23,21,0,49
BRDA:23,22,0,42
BRDA:23,23,0,36
BRDA:18,24,0,296
BRDA:24,25,0,49
BRDA:24,26,0,42
BRDA:18,27,0,283
BRDA:25,28,0,49
BRDA:25,29,0,42
BRDA:25,30,0,36
BRDA:25,31,0,11
BRDA:18,32,0,271
BRDA:26,33,0,49
BRDA:26,34,0,42
BRDA:26,35,0,36
BRDA:26,36,0,11
BRDA:18,37,0,182
BRDA:18,38,0,259
BRF:39
BRH:39
end_of_record
